{"E:\\web development\\namaste react\\src\\componets\\Contact.js": {"path":"E:\\web development\\namaste react\\src\\componets\\Contact.js","statementMap":{"0":{"start":{"line":1,"column":16},"end":{"line":20,"column":1}},"1":{"start":{"line":2,"column":4},"end":{"line":19,"column":6}}},"fnMap":{"0":{"name":"(anonymous_0)","decl":{"start":{"line":1,"column":16},"end":{"line":1,"column":17}},"loc":{"start":{"line":1,"column":22},"end":{"line":20,"column":1}},"line":1}},"branchMap":{},"s":{"0":1,"1":3},"f":{"0":3},"b":{},"_coverageSchema":"1a1c01bbd47fc00a2c39e90264f33305004495a9","hash":"148996d3b8f36e08db90810f0bbcdb768f1e0f5b"}
}
